<testsuites id="" name="" tests="115" failures="5" skipped="0" errors="82" time="537.760926">
<testsuite name="edge\edge-booking-scenarios.spec.js" timestamp="2026-08-23T09:48:27.993Z" hostname="chromium" tests="5" failures="0" skipped="0" time="121.641" errors="5">
<testcase name="@edge Public Booking Edge Cases &amp; Boundaries › should reject booking when no time slot is selected" classname="edge\edge-booking-scenarios.spec.js" time="23.479">
<system-out>
<![CDATA[
[[ATTACHMENT|edge-edge-booking-scenario-61644-en-no-time-slot-is-selected-chromium\test-failed-1.png]]

[[ATTACHMENT|edge-edge-booking-scenario-61644-en-no-time-slot-is-selected-chromium\video.webm]]

[[ATTACHMENT|edge-edge-booking-scenario-61644-en-no-time-slot-is-selected-chromium\error-context.md]]
]]>
</system-out>
<error message="locator.fill: Timeout 10000ms exceeded." type="TimeoutError">
<![CDATA[  [chromium] › edge\edge-booking-scenarios.spec.js:21:3 › @edge Public Booking Edge Cases & Boundaries › should reject booking when no time slot is selected 

    TimeoutError: locator.fill: Timeout 10000ms exceeded.
    Call log:
      - waiting for locator('input[placeholder*="Jane Doe" i], input[placeholder*="name" i]').first()


       at ..\pages\PublicBookingPage.js:97

       95 |   async fillCustomerDetails({ name, email, phone, notes }) {
       96 |     if (name !== undefined) {
    >  97 |       await this.nameInput.fill(name);
          |                            ^
       98 |     }
       99 |     if (email !== undefined) {
      100 |       await this.emailInput.fill(email);
        at PublicBookingPage.fillCustomerDetails (C:\Users\khali\Desktop\yarivo-appointments\playwright-edge-tests\pages\PublicBookingPage.js:97:28)
        at C:\Users\khali\Desktop\yarivo-appointments\playwright-edge-tests\tests\edge\edge-booking-scenarios.spec.js:29:29

    attachment #1: screenshot (image/png) ──────────────────────────────────────────────────────────
    ..\test-results\edge-edge-booking-scenario-61644-en-no-time-slot-is-selected-chromium\test-failed-1.png
    ────────────────────────────────────────────────────────────────────────────────────────────────

    attachment #2: video (video/webm) ──────────────────────────────────────────────────────────────
    ..\test-results\edge-edge-booking-scenario-61644-en-no-time-slot-is-selected-chromium\video.webm
    ────────────────────────────────────────────────────────────────────────────────────────────────

    Error Context: ..\test-results\edge-edge-booking-scenario-61644-en-no-time-slot-is-selected-chromium\error-context.md
]]>
</error>
</testcase>
<testcase name="@edge Public Booking Edge Cases &amp; Boundaries › should handle customer names with Unicode, Accents, and Emojis" classname="edge\edge-booking-scenarios.spec.js" time="22.272">
<system-out>
<![CDATA[
[[ATTACHMENT|edge-edge-booking-scenario-ee4e5--Unicode-Accents-and-Emojis-chromium\test-failed-1.png]]

[[ATTACHMENT|edge-edge-booking-scenario-ee4e5--Unicode-Accents-and-Emojis-chromium\video.webm]]

[[ATTACHMENT|edge-edge-booking-scenario-ee4e5--Unicode-Accents-and-Emojis-chromium\error-context.md]]
]]>
</system-out>
<error message="locator.fill: Timeout 10000ms exceeded." type="TimeoutError">
<![CDATA[  [chromium] › edge\edge-booking-scenarios.spec.js:36:3 › @edge Public Booking Edge Cases & Boundaries › should handle customer names with Unicode, Accents, and Emojis 

    TimeoutError: locator.fill: Timeout 10000ms exceeded.
    Call log:
      - waiting for locator('input[placeholder*="Jane Doe" i], input[placeholder*="name" i]').first()


       at ..\pages\PublicBookingPage.js:97

       95 |   async fillCustomerDetails({ name, email, phone, notes }) {
       96 |     if (name !== undefined) {
    >  97 |       await this.nameInput.fill(name);
          |                            ^
       98 |     }
       99 |     if (email !== undefined) {
      100 |       await this.emailInput.fill(email);
        at PublicBookingPage.fillCustomerDetails (C:\Users\khali\Desktop\yarivo-appointments\playwright-edge-tests\pages\PublicBookingPage.js:97:28)
        at C:\Users\khali\Desktop\yarivo-appointments\playwright-edge-tests\tests\edge\edge-booking-scenarios.spec.js:51:29

    attachment #1: screenshot (image/png) ──────────────────────────────────────────────────────────
    ..\test-results\edge-edge-booking-scenario-ee4e5--Unicode-Accents-and-Emojis-chromium\test-failed-1.png
    ────────────────────────────────────────────────────────────────────────────────────────────────

    attachment #2: video (video/webm) ──────────────────────────────────────────────────────────────
    ..\test-results\edge-edge-booking-scenario-ee4e5--Unicode-Accents-and-Emojis-chromium\video.webm
    ────────────────────────────────────────────────────────────────────────────────────────────────

    Error Context: ..\test-results\edge-edge-booking-scenario-ee4e5--Unicode-Accents-and-Emojis-chromium\error-context.md
]]>
</error>
</testcase>
<testcase name="@edge Public Booking Edge Cases &amp; Boundaries › should handle large boundary text notes gracefully" classname="edge\edge-booking-scenarios.spec.js" time="24.847">
<system-out>
<![CDATA[
[[ATTACHMENT|edge-edge-booking-scenario-47a7b-ndary-text-notes-gracefully-chromium\test-failed-1.png]]

[[ATTACHMENT|edge-edge-booking-scenario-47a7b-ndary-text-notes-gracefully-chromium\video.webm]]

[[ATTACHMENT|edge-edge-booking-scenario-47a7b-ndary-text-notes-gracefully-chromium\error-context.md]]
]]>
</system-out>
<error message="locator.fill: Timeout 10000ms exceeded." type="TimeoutError">
<![CDATA[  [chromium] › edge\edge-booking-scenarios.spec.js:58:3 › @edge Public Booking Edge Cases & Boundaries › should handle large boundary text notes gracefully 

    TimeoutError: locator.fill: Timeout 10000ms exceeded.
    Call log:
      - waiting for locator('input[placeholder*="Jane Doe" i], input[placeholder*="name" i]').first()


       at ..\pages\PublicBookingPage.js:97

       95 |   async fillCustomerDetails({ name, email, phone, notes }) {
       96 |     if (name !== undefined) {
    >  97 |       await this.nameInput.fill(name);
          |                            ^
       98 |     }
       99 |     if (email !== undefined) {
      100 |       await this.emailInput.fill(email);
        at PublicBookingPage.fillCustomerDetails (C:\Users\khali\Desktop\yarivo-appointments\playwright-edge-tests\pages\PublicBookingPage.js:97:28)
        at C:\Users\khali\Desktop\yarivo-appointments\playwright-edge-tests\tests\edge\edge-booking-scenarios.spec.js:71:29

    attachment #1: screenshot (image/png) ──────────────────────────────────────────────────────────
    ..\test-results\edge-edge-booking-scenario-47a7b-ndary-text-notes-gracefully-chromium\test-failed-1.png
    ────────────────────────────────────────────────────────────────────────────────────────────────

    attachment #2: video (video/webm) ──────────────────────────────────────────────────────────────
    ..\test-results\edge-edge-booking-scenario-47a7b-ndary-text-notes-gracefully-chromium\video.webm
    ────────────────────────────────────────────────────────────────────────────────────────────────

    Error Context: ..\test-results\edge-edge-booking-scenario-47a7b-ndary-text-notes-gracefully-chromium\error-context.md
]]>
</error>
</testcase>
<testcase name="@edge Public Booking Edge Cases &amp; Boundaries › should show inline validation errors for invalid email formats" classname="edge\edge-booking-scenarios.spec.js" time="21.098">
<system-out>
<![CDATA[
[[ATTACHMENT|edge-edge-booking-scenario-dfb03-s-for-invalid-email-formats-chromium\test-failed-1.png]]

[[ATTACHMENT|edge-edge-booking-scenario-dfb03-s-for-invalid-email-formats-chromium\video.webm]]

[[ATTACHMENT|edge-edge-booking-scenario-dfb03-s-for-invalid-email-formats-chromium\error-context.md]]
]]>
</system-out>
<error message="locator.fill: Timeout 10000ms exceeded." type="TimeoutError">
<![CDATA[  [chromium] › edge\edge-booking-scenarios.spec.js:76:3 › @edge Public Booking Edge Cases & Boundaries › should show inline validation errors for invalid email formats 

    TimeoutError: locator.fill: Timeout 10000ms exceeded.
    Call log:
      - waiting for locator('input[type="email"], input[placeholder*="jane@example.com" i]').first()


      82 |
      83 |     for (const invalidEmail of invalidEmails.slice(0, 3)) {
    > 84 |       await publicBookingPage.emailInput.fill(invalidEmail);
         |                                          ^
      85 |       await publicBookingPage.submitBooking();
      86 |       await publicBookingPage.expectFieldError('valid email');
      87 |     }
        at C:\Users\khali\Desktop\yarivo-appointments\playwright-edge-tests\tests\edge\edge-booking-scenarios.spec.js:84:42

    attachment #1: screenshot (image/png) ──────────────────────────────────────────────────────────
    ..\test-results\edge-edge-booking-scenario-dfb03-s-for-invalid-email-formats-chromium\test-failed-1.png
    ────────────────────────────────────────────────────────────────────────────────────────────────

    attachment #2: video (video/webm) ──────────────────────────────────────────────────────────────
    ..\test-results\edge-edge-booking-scenario-dfb03-s-for-invalid-email-formats-chromium\video.webm
    ────────────────────────────────────────────────────────────────────────────────────────────────

    Error Context: ..\test-results\edge-edge-booking-scenario-dfb03-s-for-invalid-email-formats-chromium\error-context.md
]]>
</error>
</testcase>
<testcase name="@edge Public Booking Edge Cases &amp; Boundaries › should handle double-booking conflict (409) gracefully with error message" classname="edge\edge-booking-scenarios.spec.js" time="29.945">
<system-out>
<![CDATA[
[[ATTACHMENT|edge-edge-booking-scenario-cdaca-acefully-with-error-message-chromium\test-failed-1.png]]

[[ATTACHMENT|edge-edge-booking-scenario-cdaca-acefully-with-error-message-chromium\video.webm]]

[[ATTACHMENT|edge-edge-booking-scenario-cdaca-acefully-with-error-message-chromium\error-context.md]]
]]>
</system-out>
<error message="locator.fill: Timeout 10000ms exceeded." type="TimeoutError">
<![CDATA[  [chromium] › edge\edge-booking-scenarios.spec.js:90:3 › @edge Public Booking Edge Cases & Boundaries › should handle double-booking conflict (409) gracefully with error message 

    TimeoutError: locator.fill: Timeout 10000ms exceeded.
    Call log:
      - waiting for locator('input[placeholder*="Jane Doe" i], input[placeholder*="name" i]').first()


       at ..\pages\PublicBookingPage.js:97

       95 |   async fillCustomerDetails({ name, email, phone, notes }) {
       96 |     if (name !== undefined) {
    >  97 |       await this.nameInput.fill(name);
          |                            ^
       98 |     }
       99 |     if (email !== undefined) {
      100 |       await this.emailInput.fill(email);
        at PublicBookingPage.fillCustomerDetails (C:\Users\khali\Desktop\yarivo-appointments\playwright-edge-tests\pages\PublicBookingPage.js:97:28)
        at C:\Users\khali\Desktop\yarivo-appointments\playwright-edge-tests\tests\edge\edge-booking-scenarios.spec.js:109:29

    attachment #1: screenshot (image/png) ──────────────────────────────────────────────────────────
    ..\test-results\edge-edge-booking-scenario-cdaca-acefully-with-error-message-chromium\test-failed-1.png
    ────────────────────────────────────────────────────────────────────────────────────────────────

    attachment #2: video (video/webm) ──────────────────────────────────────────────────────────────
    ..\test-results\edge-edge-booking-scenario-cdaca-acefully-with-error-message-chromium\video.webm
    ────────────────────────────────────────────────────────────────────────────────────────────────

    Error Context: ..\test-results\edge-edge-booking-scenario-cdaca-acefully-with-error-message-chromium\error-context.md
]]>
</error>
</testcase>
</testsuite>
<testsuite name="edge\edge-concurrency-navigation.spec.js" timestamp="2026-08-23T09:48:27.993Z" hostname="chromium" tests="2" failures="1" skipped="0" time="41.858" errors="1">
<testcase name="@edge Concurrency, Rapid Clicks &amp; Navigation State › should reset selected slot when customer switches to a different service" classname="edge\edge-concurrency-navigation.spec.js" time="20.873">
<system-out>
<![CDATA[
[[ATTACHMENT|edge-edge-concurrency-navi-0e7a9-ches-to-a-different-service-chromium\test-failed-1.png]]

[[ATTACHMENT|edge-edge-concurrency-navi-0e7a9-ches-to-a-different-service-chromium\video.webm]]

[[ATTACHMENT|edge-edge-concurrency-navi-0e7a9-ches-to-a-different-service-chromium\error-context.md]]
]]>
</system-out>
<failure message="expect(locator).toBeVisible() failed" type="expect.toBeVisible">
<![CDATA[  [chromium] › edge\edge-concurrency-navigation.spec.js:26:3 › @edge Concurrency, Rapid Clicks & Navigation State › should reset selected slot when customer switches to a different service 

    Error: expect(locator).toBeVisible() failed

    Locator: getByRole('button', { name: /Book Appointment|Confirm Booking|Confirming\.\.\./i })
    Expected: visible
    Timeout: 5000ms
    Error: element(s) not found

    Call log:
      - Expect "toBeVisible" with timeout 5000ms
      - waiting for getByRole('button', { name: /Book Appointment|Confirm Booking|Confirming\.\.\./i })


      39 |
      40 |     // 3. Verify that the previous slot selection was cleared and slots are reloaded
    > 41 |     await expect(publicBookingPage.confirmBookingBtn).toBeVisible();
         |                                                       ^
      42 |     await publicBookingPage.fillCustomerDetails({
      43 |       name: 'Service Switcher',
      44 |       email: 'switcher@example.com',
        at C:\Users\khali\Desktop\yarivo-appointments\playwright-edge-tests\tests\edge\edge-concurrency-navigation.spec.js:41:55

    attachment #1: screenshot (image/png) ──────────────────────────────────────────────────────────
    ..\test-results\edge-edge-concurrency-navi-0e7a9-ches-to-a-different-service-chromium\test-failed-1.png
    ────────────────────────────────────────────────────────────────────────────────────────────────

    attachment #2: video (video/webm) ──────────────────────────────────────────────────────────────
    ..\test-results\edge-edge-concurrency-navi-0e7a9-ches-to-a-different-service-chromium\video.webm
    ────────────────────────────────────────────────────────────────────────────────────────────────

    Error Context: ..\test-results\edge-edge-concurrency-navi-0e7a9-ches-to-a-different-service-chromium\error-context.md
]]>
</failure>
</testcase>
<testcase name="@edge Concurrency, Rapid Clicks &amp; Navigation State › should survive rapid tab navigation in Dashboard without broken states" classname="edge\edge-concurrency-navigation.spec.js" time="20.985">
<system-out>
<![CDATA[
[[ATTACHMENT|edge-edge-concurrency-navi-2f130-board-without-broken-states-chromium\test-failed-1.png]]

[[ATTACHMENT|edge-edge-concurrency-navi-2f130-board-without-broken-states-chromium\video.webm]]

[[ATTACHMENT|edge-edge-concurrency-navi-2f130-board-without-broken-states-chromium\error-context.md]]
]]>
</system-out>
<error message="locator.click: Timeout 10000ms exceeded." type="TimeoutError">
<![CDATA[  [chromium] › edge\edge-concurrency-navigation.spec.js:52:3 › @edge Concurrency, Rapid Clicks & Navigation State › should survive rapid tab navigation in Dashboard without broken states 

    TimeoutError: locator.click: Timeout 10000ms exceeded.
    Call log:
      - waiting for getByRole('button', { name: /services/i })


       at ..\pages\DashboardPage.js:62

      60 |
      61 |   async switchToServicesTab() {
    > 62 |     await this.servicesTabBtn.click();
         |                               ^
      63 |   }
      64 |
      65 |   async switchToStaffTab() {
        at DashboardPage.switchToServicesTab (C:\Users\khali\Desktop\yarivo-appointments\playwright-edge-tests\pages\DashboardPage.js:62:31)
        at C:\Users\khali\Desktop\yarivo-appointments\playwright-edge-tests\tests\edge\edge-concurrency-navigation.spec.js:59:27

    attachment #1: screenshot (image/png) ──────────────────────────────────────────────────────────
    ..\test-results\edge-edge-concurrency-navi-2f130-board-without-broken-states-chromium\test-failed-1.png
    ────────────────────────────────────────────────────────────────────────────────────────────────

    attachment #2: video (video/webm) ──────────────────────────────────────────────────────────────
    ..\test-results\edge-edge-concurrency-navi-2f130-board-without-broken-states-chromium\video.webm
    ────────────────────────────────────────────────────────────────────────────────────────────────

    Error Context: ..\test-results\edge-edge-concurrency-navi-2f130-board-without-broken-states-chromium\error-context.md
]]>
</error>
</testcase>
</testsuite>
<testsuite name="edge\edge-deletion-constraints.spec.js" timestamp="2026-08-23T09:48:27.993Z" hostname="chromium" tests="1" failures="0" skipped="0" time="8.851" errors="1">
<testcase name="@edge Deletion Constraint Safeguards › should block deletion of a service with active confirmed appointments" classname="edge\edge-deletion-constraints.spec.js" time="8.851">
<system-out>
<![CDATA[
[[ATTACHMENT|edge-edge-deletion-constra-205b6-tive-confirmed-appointments-chromium\test-failed-1.png]]

[[ATTACHMENT|edge-edge-deletion-constra-205b6-tive-confirmed-appointments-chromium\video.webm]]

[[ATTACHMENT|edge-edge-deletion-constra-205b6-tive-confirmed-appointments-chromium\error-context.md]]
]]>
</system-out>
<error message="Cannot read properties of undefined (reading &apos;staff_id&apos;)" type="TypeError">
<![CDATA[  [chromium] › edge\edge-deletion-constraints.spec.js:11:3 › @edge Deletion Constraint Safeguards › should block deletion of a service with active confirmed appointments 

    TypeError: Cannot read properties of undefined (reading 'staff_id')

      31 |       ...customer,
      32 |       serviceId,
    > 33 |       staffId: targetSlot.staff_id,
         |                           ^
      34 |       startTime: targetSlot.start_time,
      35 |     });
      36 |
        at C:\Users\khali\Desktop\yarivo-appointments\playwright-edge-tests\tests\edge\edge-deletion-constraints.spec.js:33:27

    attachment #1: screenshot (image/png) ──────────────────────────────────────────────────────────
    ..\test-results\edge-edge-deletion-constra-205b6-tive-confirmed-appointments-chromium\test-failed-1.png
    ────────────────────────────────────────────────────────────────────────────────────────────────

    attachment #2: video (video/webm) ──────────────────────────────────────────────────────────────
    ..\test-results\edge-edge-deletion-constra-205b6-tive-confirmed-appointments-chromium\video.webm
    ────────────────────────────────────────────────────────────────────────────────────────────────

    Error Context: ..\test-results\edge-edge-deletion-constra-205b6-tive-confirmed-appointments-chromium\error-context.md
]]>
</error>
</testcase>
</testsuite>
<testsuite name="edge\edge-network-faults.spec.js" timestamp="2026-08-23T09:48:27.993Z" hostname="chromium" tests="3" failures="0" skipped="0" time="46.076" errors="2">
<testcase name="@edge Network Faults &amp; Error Resilience › should display a friendly error message when backend returns 500 Internal Error on slots fetch" classname="edge\edge-network-faults.spec.js" time="6.291">
</testcase>
<testcase name="@edge Network Faults &amp; Error Resilience › should display a network error banner when backend is unreachable or offline" classname="edge\edge-network-faults.spec.js" time="17.531">
<system-out>
<![CDATA[
[[ATTACHMENT|edge-edge-network-faults---b13e4-d-is-unreachable-or-offline-chromium\test-failed-1.png]]

[[ATTACHMENT|edge-edge-network-faults---b13e4-d-is-unreachable-or-offline-chromium\video.webm]]

[[ATTACHMENT|edge-edge-network-faults---b13e4-d-is-unreachable-or-offline-chromium\error-context.md]]
]]>
</system-out>
<error message="locator.waitFor: Timeout 10000ms exceeded." type="TimeoutError">
<![CDATA[  [chromium] › edge\edge-network-faults.spec.js:27:3 › @edge Network Faults & Error Resilience › should display a network error banner when backend is unreachable or offline 

    TimeoutError: locator.waitFor: Timeout 10000ms exceeded.
    Call log:
      - waiting for locator('input[placeholder*="My Salon & Spa" i], input[placeholder*="Salon" i]').first() to be visible


       at ..\pages\BasePage.js:40

      38 |   async clickRegisterNav() {
      39 |     await this.navRegisterBtn.click();
    > 40 |     await this.page.locator('input[placeholder*="My Salon & Spa" i], input[placeholder*="Salon" i]').first().waitFor({ state: 'visible', timeout: 10000 });
         |                                                                                                              ^
      41 |   }
      42 |
      43 |   async clickLoginNav() {
        at RegisterPage.clickRegisterNav (C:\Users\khali\Desktop\yarivo-appointments\playwright-edge-tests\pages\BasePage.js:40:110)
        at C:\Users\khali\Desktop\yarivo-appointments\playwright-edge-tests\tests\edge\edge-network-faults.spec.js:36:5

    attachment #1: screenshot (image/png) ──────────────────────────────────────────────────────────
    ..\test-results\edge-edge-network-faults---b13e4-d-is-unreachable-or-offline-chromium\test-failed-1.png
    ────────────────────────────────────────────────────────────────────────────────────────────────

    attachment #2: video (video/webm) ──────────────────────────────────────────────────────────────
    ..\test-results\edge-edge-network-faults---b13e4-d-is-unreachable-or-offline-chromium\video.webm
    ────────────────────────────────────────────────────────────────────────────────────────────────

    Error Context: ..\test-results\edge-edge-network-faults---b13e4-d-is-unreachable-or-offline-chromium\error-context.md
]]>
</error>
</testcase>
<testcase name="@edge Network Faults &amp; Error Resilience › should keep submit button in disabled loading state during slow network requests to prevent duplicate submits" classname="edge\edge-network-faults.spec.js" time="22.254">
<system-out>
<![CDATA[
[[ATTACHMENT|edge-edge-network-faults---d3b0f-o-prevent-duplicate-submits-chromium\test-failed-1.png]]

[[ATTACHMENT|edge-edge-network-faults---d3b0f-o-prevent-duplicate-submits-chromium\video.webm]]

[[ATTACHMENT|edge-edge-network-faults---d3b0f-o-prevent-duplicate-submits-chromium\error-context.md]]
]]>
</system-out>
<error message="locator.fill: Timeout 10000ms exceeded." type="TimeoutError">
<![CDATA[  [chromium] › edge\edge-network-faults.spec.js:49:3 › @edge Network Faults & Error Resilience › should keep submit button in disabled loading state during slow network requests to prevent duplicate submits 

    TimeoutError: locator.fill: Timeout 10000ms exceeded.
    Call log:
      - waiting for locator('input[placeholder*="Jane Doe" i], input[placeholder*="name" i]').first()


       at ..\pages\PublicBookingPage.js:97

       95 |   async fillCustomerDetails({ name, email, phone, notes }) {
       96 |     if (name !== undefined) {
    >  97 |       await this.nameInput.fill(name);
          |                            ^
       98 |     }
       99 |     if (email !== undefined) {
      100 |       await this.emailInput.fill(email);
        at PublicBookingPage.fillCustomerDetails (C:\Users\khali\Desktop\yarivo-appointments\playwright-edge-tests\pages\PublicBookingPage.js:97:28)
        at C:\Users\khali\Desktop\yarivo-appointments\playwright-edge-tests\tests\edge\edge-network-faults.spec.js:61:29

    attachment #1: screenshot (image/png) ──────────────────────────────────────────────────────────
    ..\test-results\edge-edge-network-faults---d3b0f-o-prevent-duplicate-submits-chromium\test-failed-1.png
    ────────────────────────────────────────────────────────────────────────────────────────────────

    attachment #2: video (video/webm) ──────────────────────────────────────────────────────────────
    ..\test-results\edge-edge-network-faults---d3b0f-o-prevent-duplicate-submits-chromium\video.webm
    ────────────────────────────────────────────────────────────────────────────────────────────────

    Error Context: ..\test-results\edge-edge-network-faults---d3b0f-o-prevent-duplicate-submits-chromium\error-context.md
]]>
</error>
</testcase>
</testsuite>
<testsuite name="edge\edge-registration-auth.spec.js" timestamp="2026-08-23T09:48:27.993Z" hostname="chromium" tests="5" failures="0" skipped="0" time="16.411" errors="0">
<testcase name="@edge Registration &amp; Authentication Edge Cases › should reject registration when email is already registered (409 Conflict)" classname="edge\edge-registration-auth.spec.js" time="4.788">
</testcase>
<testcase name="@edge Registration &amp; Authentication Edge Cases › should enforce minimum 8 characters for password" classname="edge\edge-registration-auth.spec.js" time="2.715">
</testcase>
<testcase name="@edge Registration &amp; Authentication Edge Cases › should reject invalid currency codes" classname="edge\edge-registration-auth.spec.js" time="3.424">
</testcase>
<testcase name="@edge Registration &amp; Authentication Edge Cases › should sanitize XSS payloads safely without script execution" classname="edge\edge-registration-auth.spec.js" time="3.187">
</testcase>
<testcase name="@edge Registration &amp; Authentication Edge Cases › should reject invalid login credentials with an error banner" classname="edge\edge-registration-auth.spec.js" time="2.297">
</testcase>
</testsuite>
<testsuite name="regression\regression-appointments.spec.js" timestamp="2026-08-23T09:48:27.993Z" hostname="chromium" tests="1" failures="0" skipped="0" time="2.994" errors="1">
<testcase name="@regression Appointment Lifecycle &amp; Status Transitions › should allow the owner to transition appointment status to Completed" classname="regression\regression-appointments.spec.js" time="2.994">
<system-out>
<![CDATA[
[[ATTACHMENT|regression-regression-appo-750cf-intment-status-to-Completed-chromium\test-failed-1.png]]

[[ATTACHMENT|regression-regression-appo-750cf-intment-status-to-Completed-chromium\video.webm]]

[[ATTACHMENT|regression-regression-appo-750cf-intment-status-to-Completed-chromium\error-context.md]]
]]>
</system-out>
<error message="Cannot read properties of undefined (reading &apos;staff_id&apos;)" type="TypeError">
<![CDATA[  [chromium] › regression\regression-appointments.spec.js:11:3 › @regression Appointment Lifecycle & Status Transitions › should allow the owner to transition appointment status to Completed › Create an appointment via API for testing 

    TypeError: Cannot read properties of undefined (reading 'staff_id')

      31 |         ...customer,
      32 |         serviceId: defaultService.id,
    > 33 |         staffId: slot.staff_id,
         |                       ^
      34 |         startTime: slot.start_time,
      35 |       });
      36 |     });
        at C:\Users\khali\Desktop\yarivo-appointments\playwright-edge-tests\tests\regression\regression-appointments.spec.js:33:23
        at C:\Users\khali\Desktop\yarivo-appointments\playwright-edge-tests\tests\regression\regression-appointments.spec.js:17:5

    attachment #1: screenshot (image/png) ──────────────────────────────────────────────────────────
    ..\test-results\regression-regression-appo-750cf-intment-status-to-Completed-chromium\test-failed-1.png
    ────────────────────────────────────────────────────────────────────────────────────────────────

    attachment #2: video (video/webm) ──────────────────────────────────────────────────────────────
    ..\test-results\regression-regression-appo-750cf-intment-status-to-Completed-chromium\video.webm
    ────────────────────────────────────────────────────────────────────────────────────────────────

    Error Context: ..\test-results\regression-regression-appo-750cf-intment-status-to-Completed-chromium\error-context.md
]]>
</error>
</testcase>
</testsuite>
<testsuite name="regression\regression-business-hours.spec.js" timestamp="2026-08-23T09:48:27.993Z" hostname="chromium" tests="1" failures="0" skipped="0" time="17.82" errors="1">
<testcase name="@regression Business Operating Hours › should configure and persist business opening and closing hours" classname="regression\regression-business-hours.spec.js" time="17.82">
<system-out>
<![CDATA[
[[ATTACHMENT|regression-regression-busi-96cc8-s-opening-and-closing-hours-chromium\test-failed-1.png]]

[[ATTACHMENT|regression-regression-busi-96cc8-s-opening-and-closing-hours-chromium\video.webm]]

[[ATTACHMENT|regression-regression-busi-96cc8-s-opening-and-closing-hours-chromium\error-context.md]]
]]>
</system-out>
<error message="locator.click: Timeout 10000ms exceeded." type="TimeoutError">
<![CDATA[  [chromium] › regression\regression-business-hours.spec.js:9:3 › @regression Business Operating Hours › should configure and persist business opening and closing hours › Switch to Operating Hours tab 

    TimeoutError: locator.click: Timeout 10000ms exceeded.
    Call log:
      - waiting for getByRole('button', { name: /hours/i })


       at ..\pages\DashboardPage.js:70

      68 |
      69 |   async switchToHoursTab() {
    > 70 |     await this.hoursTabBtn.click();
         |                            ^
      71 |   }
      72 |
      73 |   // --- Appointments Tab Methods ---
        at DashboardPage.switchToHoursTab (C:\Users\khali\Desktop\yarivo-appointments\playwright-edge-tests\pages\DashboardPage.js:70:28)
        at C:\Users\khali\Desktop\yarivo-appointments\playwright-edge-tests\tests\regression\regression-business-hours.spec.js:16:27
        at C:\Users\khali\Desktop\yarivo-appointments\playwright-edge-tests\tests\regression\regression-business-hours.spec.js:15:5

    attachment #1: screenshot (image/png) ──────────────────────────────────────────────────────────
    ..\test-results\regression-regression-busi-96cc8-s-opening-and-closing-hours-chromium\test-failed-1.png
    ────────────────────────────────────────────────────────────────────────────────────────────────

    attachment #2: video (video/webm) ──────────────────────────────────────────────────────────────
    ..\test-results\regression-regression-busi-96cc8-s-opening-and-closing-hours-chromium\video.webm
    ────────────────────────────────────────────────────────────────────────────────────────────────

    Error Context: ..\test-results\regression-regression-busi-96cc8-s-opening-and-closing-hours-chromium\error-context.md
]]>
</error>
</testcase>
</testsuite>
<testsuite name="regression\regression-services.spec.js" timestamp="2026-08-23T09:48:27.993Z" hostname="chromium" tests="1" failures="0" skipped="0" time="20.322" errors="1">
<testcase name="@regression Services Management › should create, edit, and view new services in the dashboard" classname="regression\regression-services.spec.js" time="20.322">
<system-out>
<![CDATA[
[[ATTACHMENT|regression-regression-serv-3c8fa-w-services-in-the-dashboard-chromium\test-failed-1.png]]

[[ATTACHMENT|regression-regression-serv-3c8fa-w-services-in-the-dashboard-chromium\video.webm]]

[[ATTACHMENT|regression-regression-serv-3c8fa-w-services-in-the-dashboard-chromium\error-context.md]]
]]>
</system-out>
<error message="locator.click: Timeout 10000ms exceeded." type="TimeoutError">
<![CDATA[  [chromium] › regression\regression-services.spec.js:10:3 › @regression Services Management › should create, edit, and view new services in the dashboard › Switch to Services tab 

    TimeoutError: locator.click: Timeout 10000ms exceeded.
    Call log:
      - waiting for getByRole('button', { name: /services/i })


       at ..\pages\DashboardPage.js:62

      60 |
      61 |   async switchToServicesTab() {
    > 62 |     await this.servicesTabBtn.click();
         |                               ^
      63 |   }
      64 |
      65 |   async switchToStaffTab() {
        at DashboardPage.switchToServicesTab (C:\Users\khali\Desktop\yarivo-appointments\playwright-edge-tests\pages\DashboardPage.js:62:31)
        at C:\Users\khali\Desktop\yarivo-appointments\playwright-edge-tests\tests\regression\regression-services.spec.js:16:27
        at C:\Users\khali\Desktop\yarivo-appointments\playwright-edge-tests\tests\regression\regression-services.spec.js:15:5

    attachment #1: screenshot (image/png) ──────────────────────────────────────────────────────────
    ..\test-results\regression-regression-serv-3c8fa-w-services-in-the-dashboard-chromium\test-failed-1.png
    ────────────────────────────────────────────────────────────────────────────────────────────────

    attachment #2: video (video/webm) ──────────────────────────────────────────────────────────────
    ..\test-results\regression-regression-serv-3c8fa-w-services-in-the-dashboard-chromium\video.webm
    ────────────────────────────────────────────────────────────────────────────────────────────────

    Error Context: ..\test-results\regression-regression-serv-3c8fa-w-services-in-the-dashboard-chromium\error-context.md
]]>
</error>
</testcase>
</testsuite>
<testsuite name="regression\regression-staff.spec.js" timestamp="2026-08-23T09:48:27.993Z" hostname="chromium" tests="1" failures="0" skipped="0" time="25.972" errors="1">
<testcase name="@regression Staff Management › should create and update staff members successfully" classname="regression\regression-staff.spec.js" time="25.972">
<system-out>
<![CDATA[
[[ATTACHMENT|regression-regression-staf-380da--staff-members-successfully-chromium\test-failed-1.png]]

[[ATTACHMENT|regression-regression-staf-380da--staff-members-successfully-chromium\video.webm]]

[[ATTACHMENT|regression-regression-staf-380da--staff-members-successfully-chromium\error-context.md]]
]]>
</system-out>
<error message="locator.click: Timeout 10000ms exceeded." type="TimeoutError">
<![CDATA[  [chromium] › regression\regression-staff.spec.js:10:3 › @regression Staff Management › should create and update staff members successfully › Switch to Staff tab 

    TimeoutError: locator.click: Timeout 10000ms exceeded.
    Call log:
      - waiting for getByRole('button', { name: /staff/i })


       at ..\pages\DashboardPage.js:66

      64 |
      65 |   async switchToStaffTab() {
    > 66 |     await this.staffTabBtn.click();
         |                            ^
      67 |   }
      68 |
      69 |   async switchToHoursTab() {
        at DashboardPage.switchToStaffTab (C:\Users\khali\Desktop\yarivo-appointments\playwright-edge-tests\pages\DashboardPage.js:66:28)
        at C:\Users\khali\Desktop\yarivo-appointments\playwright-edge-tests\tests\regression\regression-staff.spec.js:16:27
        at C:\Users\khali\Desktop\yarivo-appointments\playwright-edge-tests\tests\regression\regression-staff.spec.js:15:5

    attachment #1: screenshot (image/png) ──────────────────────────────────────────────────────────
    ..\test-results\regression-regression-staf-380da--staff-members-successfully-chromium\test-failed-1.png
    ────────────────────────────────────────────────────────────────────────────────────────────────

    attachment #2: video (video/webm) ──────────────────────────────────────────────────────────────
    ..\test-results\regression-regression-staf-380da--staff-members-successfully-chromium\video.webm
    ────────────────────────────────────────────────────────────────────────────────────────────────

    Error Context: ..\test-results\regression-regression-staf-380da--staff-members-successfully-chromium\error-context.md
]]>
</error>
</testcase>
</testsuite>
<testsuite name="smoke\smoke-auth-registration.spec.js" timestamp="2026-08-23T09:48:27.993Z" hostname="chromium" tests="1" failures="0" skipped="0" time="25.808" errors="1">
<testcase name="@smoke Business Owner Registration › should register a new business and automatically open the owner dashboard" classname="smoke\smoke-auth-registration.spec.js" time="25.808">
<system-out>
<![CDATA[
[[ATTACHMENT|smoke-smoke-auth-registrat-5d265-ly-open-the-owner-dashboard-chromium\test-failed-1.png]]

[[ATTACHMENT|smoke-smoke-auth-registrat-5d265-ly-open-the-owner-dashboard-chromium\video.webm]]

[[ATTACHMENT|smoke-smoke-auth-registrat-5d265-ly-open-the-owner-dashboard-chromium\error-context.md]]
]]>
</system-out>
<error message="locator.waitFor: Timeout 10000ms exceeded." type="TimeoutError">
<![CDATA[  [chromium] › smoke\smoke-auth-registration.spec.js:10:3 › @smoke Business Owner Registration › should register a new business and automatically open the owner dashboard › Navigate to registration page 

    TimeoutError: locator.waitFor: Timeout 10000ms exceeded.
    Call log:
      - waiting for locator('input[placeholder*="My Salon & Spa" i], input[placeholder*="Salon" i]').first() to be visible


       at ..\pages\BasePage.js:40

      38 |   async clickRegisterNav() {
      39 |     await this.navRegisterBtn.click();
    > 40 |     await this.page.locator('input[placeholder*="My Salon & Spa" i], input[placeholder*="Salon" i]').first().waitFor({ state: 'visible', timeout: 10000 });
         |                                                                                                              ^
      41 |   }
      42 |
      43 |   async clickLoginNav() {
        at RegisterPage.clickRegisterNav (C:\Users\khali\Desktop\yarivo-appointments\playwright-edge-tests\pages\BasePage.js:40:110)
        at C:\Users\khali\Desktop\yarivo-appointments\playwright-edge-tests\tests\smoke\smoke-auth-registration.spec.js:19:7
        at C:\Users\khali\Desktop\yarivo-appointments\playwright-edge-tests\tests\smoke\smoke-auth-registration.spec.js:17:5

    attachment #1: screenshot (image/png) ──────────────────────────────────────────────────────────
    ..\test-results\smoke-smoke-auth-registrat-5d265-ly-open-the-owner-dashboard-chromium\test-failed-1.png
    ────────────────────────────────────────────────────────────────────────────────────────────────

    attachment #2: video (video/webm) ──────────────────────────────────────────────────────────────
    ..\test-results\smoke-smoke-auth-registrat-5d265-ly-open-the-owner-dashboard-chromium\video.webm
    ────────────────────────────────────────────────────────────────────────────────────────────────

    Error Context: ..\test-results\smoke-smoke-auth-registrat-5d265-ly-open-the-owner-dashboard-chromium\error-context.md
]]>
</error>
</testcase>
</testsuite>
<testsuite name="smoke\smoke-owner-login.spec.js" timestamp="2026-08-23T09:48:27.993Z" hostname="chromium" tests="1" failures="1" skipped="0" time="27.236" errors="0">
<testcase name="@smoke Business Owner Login &amp; Logout › should log in successfully with valid owner credentials and logout properly" classname="smoke\smoke-owner-login.spec.js" time="27.236">
<system-out>
<![CDATA[
[[ATTACHMENT|smoke-smoke-owner-login--s-e1eb6-entials-and-logout-properly-chromium\test-failed-1.png]]

[[ATTACHMENT|smoke-smoke-owner-login--s-e1eb6-entials-and-logout-properly-chromium\video.webm]]

[[ATTACHMENT|smoke-smoke-owner-login--s-e1eb6-entials-and-logout-properly-chromium\error-context.md]]
]]>
</system-out>
<failure message="expect(locator).toBeVisible() failed" type="expect.toBeVisible">
<![CDATA[  [chromium] › smoke\smoke-owner-login.spec.js:18:3 › @smoke Business Owner Login & Logout › should log in successfully with valid owner credentials and logout properly › Perform logout and verify session cleanup 

    Error: expect(locator).toBeVisible() failed

    Locator: getByRole('button', { name: /📅 Book Appointment/i })
    Expected: visible
    Timeout: 5000ms
    Error: element(s) not found

    Call log:
      - Expect "toBeVisible" with timeout 5000ms
      - waiting for getByRole('button', { name: /📅 Book Appointment/i })


      39 |       const token = await dashboardPage.getLocalStorageToken();
      40 |       expect(token).toBeNull();
    > 41 |       await expect(page.getByRole('button', { name: /📅 Book Appointment/i })).toBeVisible();
         |                                                                                ^
      42 |     });
      43 |   });
      44 | });
        at C:\Users\khali\Desktop\yarivo-appointments\playwright-edge-tests\tests\smoke\smoke-owner-login.spec.js:41:80
        at C:\Users\khali\Desktop\yarivo-appointments\playwright-edge-tests\tests\smoke\smoke-owner-login.spec.js:37:5

    attachment #1: screenshot (image/png) ──────────────────────────────────────────────────────────
    ..\test-results\smoke-smoke-owner-login--s-e1eb6-entials-and-logout-properly-chromium\test-failed-1.png
    ────────────────────────────────────────────────────────────────────────────────────────────────

    attachment #2: video (video/webm) ──────────────────────────────────────────────────────────────
    ..\test-results\smoke-smoke-owner-login--s-e1eb6-entials-and-logout-properly-chromium\video.webm
    ────────────────────────────────────────────────────────────────────────────────────────────────

    Error Context: ..\test-results\smoke-smoke-owner-login--s-e1eb6-entials-and-logout-properly-chromium\error-context.md
]]>
</failure>
</testcase>
</testsuite>
<testsuite name="smoke\smoke-public-booking.spec.js" timestamp="2026-08-23T09:48:27.993Z" hostname="chromium" tests="1" failures="0" skipped="0" time="16.37" errors="1">
<testcase name="@smoke Public Customer Booking › should successfully complete an end-to-end appointment booking" classname="smoke\smoke-public-booking.spec.js" time="16.37">
<system-out>
<![CDATA[
[[ATTACHMENT|smoke-smoke-public-booking-c4e4d--to-end-appointment-booking-chromium\test-failed-1.png]]

[[ATTACHMENT|smoke-smoke-public-booking-c4e4d--to-end-appointment-booking-chromium\video.webm]]

[[ATTACHMENT|smoke-smoke-public-booking-c4e4d--to-end-appointment-booking-chromium\error-context.md]]
]]>
</system-out>
<error message="locator.fill: Timeout 10000ms exceeded." type="TimeoutError">
<![CDATA[  [chromium] › smoke\smoke-public-booking.spec.js:20:3 › @smoke Public Customer Booking › should successfully complete an end-to-end appointment booking › Fill customer details and submit booking 

    TimeoutError: locator.fill: Timeout 10000ms exceeded.
    Call log:
      - waiting for locator('input[placeholder*="Jane Doe" i], input[placeholder*="name" i]').first()


       at ..\pages\PublicBookingPage.js:97

       95 |   async fillCustomerDetails({ name, email, phone, notes }) {
       96 |     if (name !== undefined) {
    >  97 |       await this.nameInput.fill(name);
          |                            ^
       98 |     }
       99 |     if (email !== undefined) {
      100 |       await this.emailInput.fill(email);
        at PublicBookingPage.fillCustomerDetails (C:\Users\khali\Desktop\yarivo-appointments\playwright-edge-tests\pages\PublicBookingPage.js:97:28)
        at C:\Users\khali\Desktop\yarivo-appointments\playwright-edge-tests\tests\smoke\smoke-public-booking.spec.js:40:31
        at C:\Users\khali\Desktop\yarivo-appointments\playwright-edge-tests\tests\smoke\smoke-public-booking.spec.js:38:5

    attachment #1: screenshot (image/png) ──────────────────────────────────────────────────────────
    ..\test-results\smoke-smoke-public-booking-c4e4d--to-end-appointment-booking-chromium\test-failed-1.png
    ────────────────────────────────────────────────────────────────────────────────────────────────

    attachment #2: video (video/webm) ──────────────────────────────────────────────────────────────
    ..\test-results\smoke-smoke-public-booking-c4e4d--to-end-appointment-booking-chromium\video.webm
    ────────────────────────────────────────────────────────────────────────────────────────────────

    Error Context: ..\test-results\smoke-smoke-public-booking-c4e4d--to-end-appointment-booking-chromium\error-context.md
]]>
</error>
</testcase>
</testsuite>
<testsuite name="edge\edge-booking-scenarios.spec.js" timestamp="2026-08-23T09:48:27.993Z" hostname="firefox" tests="5" failures="0" skipped="0" time="131.135" errors="5">
<testcase name="@edge Public Booking Edge Cases &amp; Boundaries › should reject booking when no time slot is selected" classname="edge\edge-booking-scenarios.spec.js" time="24.54">
<system-out>
<![CDATA[
[[ATTACHMENT|edge-edge-booking-scenario-61644-en-no-time-slot-is-selected-firefox\test-failed-1.png]]

[[ATTACHMENT|edge-edge-booking-scenario-61644-en-no-time-slot-is-selected-firefox\video.webm]]

[[ATTACHMENT|edge-edge-booking-scenario-61644-en-no-time-slot-is-selected-firefox\error-context.md]]
]]>
</system-out>
<error message="locator.fill: Timeout 10000ms exceeded." type="TimeoutError">
<![CDATA[  [firefox] › edge\edge-booking-scenarios.spec.js:21:3 › @edge Public Booking Edge Cases & Boundaries › should reject booking when no time slot is selected 

    TimeoutError: locator.fill: Timeout 10000ms exceeded.
    Call log:
      - waiting for locator('input[placeholder*="Jane Doe" i], input[placeholder*="name" i]').first()


       at ..\pages\PublicBookingPage.js:97

       95 |   async fillCustomerDetails({ name, email, phone, notes }) {
       96 |     if (name !== undefined) {
    >  97 |       await this.nameInput.fill(name);
          |                            ^
       98 |     }
       99 |     if (email !== undefined) {
      100 |       await this.emailInput.fill(email);
        at PublicBookingPage.fillCustomerDetails (C:\Users\khali\Desktop\yarivo-appointments\playwright-edge-tests\pages\PublicBookingPage.js:97:28)
        at C:\Users\khali\Desktop\yarivo-appointments\playwright-edge-tests\tests\edge\edge-booking-scenarios.spec.js:29:29

    attachment #1: screenshot (image/png) ──────────────────────────────────────────────────────────
    ..\test-results\edge-edge-booking-scenario-61644-en-no-time-slot-is-selected-firefox\test-failed-1.png
    ────────────────────────────────────────────────────────────────────────────────────────────────

    attachment #2: video (video/webm) ──────────────────────────────────────────────────────────────
    ..\test-results\edge-edge-booking-scenario-61644-en-no-time-slot-is-selected-firefox\video.webm
    ────────────────────────────────────────────────────────────────────────────────────────────────

    Error Context: ..\test-results\edge-edge-booking-scenario-61644-en-no-time-slot-is-selected-firefox\error-context.md
]]>
</error>
</testcase>
<testcase name="@edge Public Booking Edge Cases &amp; Boundaries › should handle customer names with Unicode, Accents, and Emojis" classname="edge\edge-booking-scenarios.spec.js" time="31.775">
<system-out>
<![CDATA[
[[ATTACHMENT|edge-edge-booking-scenario-ee4e5--Unicode-Accents-and-Emojis-firefox\video.webm]]

[[ATTACHMENT|edge-edge-booking-scenario-ee4e5--Unicode-Accents-and-Emojis-firefox\error-context.md]]
]]>
</system-out>
<error message="page.goto: Timeout 15000ms exceeded." type="TimeoutError">
<![CDATA[  [firefox] › edge\edge-booking-scenarios.spec.js:36:3 › @edge Public Booking Edge Cases & Boundaries › should handle customer names with Unicode, Accents, and Emojis 

    TimeoutError: page.goto: Timeout 15000ms exceeded.
    Call log:
      - navigating to "http://localhost:3000/", waiting until "domcontentloaded"


       at ..\pages\BasePage.js:29

      27 |
      28 |   async goto(path = '/') {
    > 29 |     await this.page.goto(path, { waitUntil: 'domcontentloaded' });
         |                     ^
      30 |     await this.page.waitForTimeout(300);
      31 |   }
      32 |
        at PublicBookingPage.goto (C:\Users\khali\Desktop\yarivo-appointments\playwright-edge-tests\pages\BasePage.js:29:21)
        at C:\Users\khali\Desktop\yarivo-appointments\playwright-edge-tests\tests\edge\edge-booking-scenarios.spec.js:40:29

    attachment #1: video (video/webm) ──────────────────────────────────────────────────────────────
    ..\test-results\edge-edge-booking-scenario-ee4e5--Unicode-Accents-and-Emojis-firefox\video.webm
    ────────────────────────────────────────────────────────────────────────────────────────────────

    Error Context: ..\test-results\edge-edge-booking-scenario-ee4e5--Unicode-Accents-and-Emojis-firefox\error-context.md
]]>
</error>
</testcase>
<testcase name="@edge Public Booking Edge Cases &amp; Boundaries › should handle large boundary text notes gracefully" classname="edge\edge-booking-scenarios.spec.js" time="27.632">
<system-out>
<![CDATA[
[[ATTACHMENT|edge-edge-booking-scenario-47a7b-ndary-text-notes-gracefully-firefox\test-failed-1.png]]

[[ATTACHMENT|edge-edge-booking-scenario-47a7b-ndary-text-notes-gracefully-firefox\video.webm]]

[[ATTACHMENT|edge-edge-booking-scenario-47a7b-ndary-text-notes-gracefully-firefox\error-context.md]]
]]>
</system-out>
<error message="locator.click: Timeout 10000ms exceeded." type="TimeoutError">
<![CDATA[  [firefox] › edge\edge-booking-scenarios.spec.js:58:3 › @edge Public Booking Edge Cases & Boundaries › should handle large boundary text notes gracefully 

    TimeoutError: locator.click: Timeout 10000ms exceeded.
    Call log:
      - waiting for locator('text=Test Salon 0kklgx').first()


       at ..\pages\PublicBookingPage.js:56

      54 |   async selectBusinessByName(businessName) {
      55 |     const businessCard = this.page.locator(`text=${businessName}`).first();
    > 56 |     await businessCard.click();
         |                        ^
      57 |   }
      58 |
      59 |   async selectFirstAvailableBusiness() {
        at PublicBookingPage.selectBusinessByName (C:\Users\khali\Desktop\yarivo-appointments\playwright-edge-tests\pages\PublicBookingPage.js:56:24)
        at C:\Users\khali\Desktop\yarivo-appointments\playwright-edge-tests\tests\edge\edge-booking-scenarios.spec.js:62:29

    attachment #1: screenshot (image/png) ──────────────────────────────────────────────────────────
    ..\test-results\edge-edge-booking-scenario-47a7b-ndary-text-notes-gracefully-firefox\test-failed-1.png
    ────────────────────────────────────────────────────────────────────────────────────────────────

    attachment #2: video (video/webm) ──────────────────────────────────────────────────────────────
    ..\test-results\edge-edge-booking-scenario-47a7b-ndary-text-notes-gracefully-firefox\video.webm
    ────────────────────────────────────────────────────────────────────────────────────────────────

    Error Context: ..\test-results\edge-edge-booking-scenario-47a7b-ndary-text-notes-gracefully-firefox\error-context.md
]]>
</error>
</testcase>
<testcase name="@edge Public Booking Edge Cases &amp; Boundaries › should show inline validation errors for invalid email formats" classname="edge\edge-booking-scenarios.spec.js" time="23.742">
<system-out>
<![CDATA[
[[ATTACHMENT|edge-edge-booking-scenario-dfb03-s-for-invalid-email-formats-firefox\test-failed-1.png]]

[[ATTACHMENT|edge-edge-booking-scenario-dfb03-s-for-invalid-email-formats-firefox\video.webm]]

[[ATTACHMENT|edge-edge-booking-scenario-dfb03-s-for-invalid-email-formats-firefox\error-context.md]]
]]>
</system-out>
<error message="locator.click: Timeout 10000ms exceeded." type="TimeoutError">
<![CDATA[  [firefox] › edge\edge-booking-scenarios.spec.js:76:3 › @edge Public Booking Edge Cases & Boundaries › should show inline validation errors for invalid email formats 

    TimeoutError: locator.click: Timeout 10000ms exceeded.
    Call log:
      - waiting for locator('text=Test Salon njflen').first()
        - locator resolved to <div class="font-semibold text-base">Test Salon njflen</div>
      - attempting click action
        - waiting for element to be visible, enabled and stable
        - element is visible, enabled and stable
        - scrolling into view if needed
        - done scrolling
        - performing click action


       at ..\pages\PublicBookingPage.js:56

      54 |   async selectBusinessByName(businessName) {
      55 |     const businessCard = this.page.locator(`text=${businessName}`).first();
    > 56 |     await businessCard.click();
         |                        ^
      57 |   }
      58 |
      59 |   async selectFirstAvailableBusiness() {
        at PublicBookingPage.selectBusinessByName (C:\Users\khali\Desktop\yarivo-appointments\playwright-edge-tests\pages\PublicBookingPage.js:56:24)
        at C:\Users\khali\Desktop\yarivo-appointments\playwright-edge-tests\tests\edge\edge-booking-scenarios.spec.js:80:29

    attachment #1: screenshot (image/png) ──────────────────────────────────────────────────────────
    ..\test-results\edge-edge-booking-scenario-dfb03-s-for-invalid-email-formats-firefox\test-failed-1.png
    ────────────────────────────────────────────────────────────────────────────────────────────────

    attachment #2: video (video/webm) ──────────────────────────────────────────────────────────────
    ..\test-results\edge-edge-booking-scenario-dfb03-s-for-invalid-email-formats-firefox\video.webm
    ────────────────────────────────────────────────────────────────────────────────────────────────

    Error Context: ..\test-results\edge-edge-booking-scenario-dfb03-s-for-invalid-email-formats-firefox\error-context.md
]]>
</error>
</testcase>
<testcase name="@edge Public Booking Edge Cases &amp; Boundaries › should handle double-booking conflict (409) gracefully with error message" classname="edge\edge-booking-scenarios.spec.js" time="23.446">
<system-out>
<![CDATA[
[[ATTACHMENT|edge-edge-booking-scenario-cdaca-acefully-with-error-message-firefox\test-failed-1.png]]

[[ATTACHMENT|edge-edge-booking-scenario-cdaca-acefully-with-error-message-firefox\video.webm]]

[[ATTACHMENT|edge-edge-booking-scenario-cdaca-acefully-with-error-message-firefox\error-context.md]]
]]>
</system-out>
<error message="locator.fill: Timeout 10000ms exceeded." type="TimeoutError">
<![CDATA[  [firefox] › edge\edge-booking-scenarios.spec.js:90:3 › @edge Public Booking Edge Cases & Boundaries › should handle double-booking conflict (409) gracefully with error message 

    TimeoutError: locator.fill: Timeout 10000ms exceeded.
    Call log:
      - waiting for locator('input[placeholder*="Jane Doe" i], input[placeholder*="name" i]').first()


       at ..\pages\PublicBookingPage.js:97

       95 |   async fillCustomerDetails({ name, email, phone, notes }) {
       96 |     if (name !== undefined) {
    >  97 |       await this.nameInput.fill(name);
          |                            ^
       98 |     }
       99 |     if (email !== undefined) {
      100 |       await this.emailInput.fill(email);
        at PublicBookingPage.fillCustomerDetails (C:\Users\khali\Desktop\yarivo-appointments\playwright-edge-tests\pages\PublicBookingPage.js:97:28)
        at C:\Users\khali\Desktop\yarivo-appointments\playwright-edge-tests\tests\edge\edge-booking-scenarios.spec.js:109:29

    attachment #1: screenshot (image/png) ──────────────────────────────────────────────────────────
    ..\test-results\edge-edge-booking-scenario-cdaca-acefully-with-error-message-firefox\test-failed-1.png
    ────────────────────────────────────────────────────────────────────────────────────────────────

    attachment #2: video (video/webm) ──────────────────────────────────────────────────────────────
    ..\test-results\edge-edge-booking-scenario-cdaca-acefully-with-error-message-firefox\video.webm
    ────────────────────────────────────────────────────────────────────────────────────────────────

    Error Context: ..\test-results\edge-edge-booking-scenario-cdaca-acefully-with-error-message-firefox\error-context.md
]]>
</error>
</testcase>
</testsuite>
<testsuite name="edge\edge-concurrency-navigation.spec.js" timestamp="2026-08-23T09:48:27.993Z" hostname="firefox" tests="2" failures="0" skipped="0" time="46.41" errors="2">
<testcase name="@edge Concurrency, Rapid Clicks &amp; Navigation State › should reset selected slot when customer switches to a different service" classname="edge\edge-concurrency-navigation.spec.js" time="24.584">
<system-out>
<![CDATA[
[[ATTACHMENT|edge-edge-concurrency-navi-0e7a9-ches-to-a-different-service-firefox\test-failed-1.png]]

[[ATTACHMENT|edge-edge-concurrency-navi-0e7a9-ches-to-a-different-service-firefox\video.webm]]

[[ATTACHMENT|edge-edge-concurrency-navi-0e7a9-ches-to-a-different-service-firefox\error-context.md]]
]]>
</system-out>
<error message="page.goto: Timeout 15000ms exceeded." type="TimeoutError">
<![CDATA[  [firefox] › edge\edge-concurrency-navigation.spec.js:26:3 › @edge Concurrency, Rapid Clicks & Navigation State › should reset selected slot when customer switches to a different service 

    TimeoutError: page.goto: Timeout 15000ms exceeded.
    Call log:
      - navigating to "http://localhost:3000/", waiting until "domcontentloaded"


       at ..\pages\BasePage.js:29

      27 |
      28 |   async goto(path = '/') {
    > 29 |     await this.page.goto(path, { waitUntil: 'domcontentloaded' });
         |                     ^
      30 |     await this.page.waitForTimeout(300);
      31 |   }
      32 |
        at PublicBookingPage.goto (C:\Users\khali\Desktop\yarivo-appointments\playwright-edge-tests\pages\BasePage.js:29:21)
        at C:\Users\khali\Desktop\yarivo-appointments\playwright-edge-tests\tests\edge\edge-concurrency-navigation.spec.js:30:29

    attachment #1: screenshot (image/png) ──────────────────────────────────────────────────────────
    ..\test-results\edge-edge-concurrency-navi-0e7a9-ches-to-a-different-service-firefox\test-failed-1.png
    ────────────────────────────────────────────────────────────────────────────────────────────────

    attachment #2: video (video/webm) ──────────────────────────────────────────────────────────────
    ..\test-results\edge-edge-concurrency-navi-0e7a9-ches-to-a-different-service-firefox\video.webm
    ────────────────────────────────────────────────────────────────────────────────────────────────

    Error Context: ..\test-results\edge-edge-concurrency-navi-0e7a9-ches-to-a-different-service-firefox\error-context.md
]]>
</error>
</testcase>
<testcase name="@edge Concurrency, Rapid Clicks &amp; Navigation State › should survive rapid tab navigation in Dashboard without broken states" classname="edge\edge-concurrency-navigation.spec.js" time="21.826">
<system-out>
<![CDATA[
[[ATTACHMENT|edge-edge-concurrency-navi-2f130-board-without-broken-states-firefox\test-failed-1.png]]

[[ATTACHMENT|edge-edge-concurrency-navi-2f130-board-without-broken-states-firefox\video.webm]]

[[ATTACHMENT|edge-edge-concurrency-navi-2f130-board-without-broken-states-firefox\error-context.md]]
]]>
</system-out>
<error message="locator.click: Timeout 10000ms exceeded." type="TimeoutError">
<![CDATA[  [firefox] › edge\edge-concurrency-navigation.spec.js:52:3 › @edge Concurrency, Rapid Clicks & Navigation State › should survive rapid tab navigation in Dashboard without broken states 

    TimeoutError: locator.click: Timeout 10000ms exceeded.
    Call log:
      - waiting for getByRole('button', { name: /services/i })


       at ..\pages\DashboardPage.js:62

      60 |
      61 |   async switchToServicesTab() {
    > 62 |     await this.servicesTabBtn.click();
         |                               ^
      63 |   }
      64 |
      65 |   async switchToStaffTab() {
        at DashboardPage.switchToServicesTab (C:\Users\khali\Desktop\yarivo-appointments\playwright-edge-tests\pages\DashboardPage.js:62:31)
        at C:\Users\khali\Desktop\yarivo-appointments\playwright-edge-tests\tests\edge\edge-concurrency-navigation.spec.js:59:27

    attachment #1: screenshot (image/png) ──────────────────────────────────────────────────────────
    ..\test-results\edge-edge-concurrency-navi-2f130-board-without-broken-states-firefox\test-failed-1.png
    ────────────────────────────────────────────────────────────────────────────────────────────────

    attachment #2: video (video/webm) ──────────────────────────────────────────────────────────────
    ..\test-results\edge-edge-concurrency-navi-2f130-board-without-broken-states-firefox\video.webm
    ────────────────────────────────────────────────────────────────────────────────────────────────

    Error Context: ..\test-results\edge-edge-concurrency-navi-2f130-board-without-broken-states-firefox\error-context.md
]]>
</error>
</testcase>
</testsuite>
<testsuite name="edge\edge-deletion-constraints.spec.js" timestamp="2026-08-23T09:48:27.993Z" hostname="firefox" tests="1" failures="0" skipped="0" time="32.656" errors="1">
<testcase name="@edge Deletion Constraint Safeguards › should block deletion of a service with active confirmed appointments" classname="edge\edge-deletion-constraints.spec.js" time="32.656">
<system-out>
<![CDATA[
[[ATTACHMENT|edge-edge-deletion-constra-205b6-tive-confirmed-appointments-firefox\video.webm]]

[[ATTACHMENT|edge-edge-deletion-constra-205b6-tive-confirmed-appointments-firefox\error-context.md]]
]]>
</system-out>
<error message="page.goto: Timeout 15000ms exceeded." type="TimeoutError">
<![CDATA[  [firefox] › edge\edge-deletion-constraints.spec.js:11:3 › @edge Deletion Constraint Safeguards › should block deletion of a service with active confirmed appointments 

    TimeoutError: page.goto: Timeout 15000ms exceeded.
    Call log:
      - navigating to "http://localhost:3000/", waiting until "load"


       at ..\fixtures\base-fixture.js:51

      49 |
      50 |     const token = regRes.data.access_token;
    > 51 |     await page.goto('/');
         |                ^
      52 |     await page.evaluate((t) => localStorage.setItem('token', t), token);
      53 |     await page.reload();
      54 |
        at Object.authenticatedOwner (C:\Users\khali\Desktop\yarivo-appointments\playwright-edge-tests\fixtures\base-fixture.js:51:16)

    attachment #1: video (video/webm) ──────────────────────────────────────────────────────────────
    ..\test-results\edge-edge-deletion-constra-205b6-tive-confirmed-appointments-firefox\video.webm
    ────────────────────────────────────────────────────────────────────────────────────────────────

    Error Context: ..\test-results\edge-edge-deletion-constra-205b6-tive-confirmed-appointments-firefox\error-context.md
]]>
</error>
</testcase>
</testsuite>
<testsuite name="edge\edge-network-faults.spec.js" timestamp="2026-08-23T09:48:27.993Z" hostname="firefox" tests="3" failures="0" skipped="0" time="63.584" errors="2">
<testcase name="@edge Network Faults &amp; Error Resilience › should display a friendly error message when backend returns 500 Internal Error on slots fetch" classname="edge\edge-network-faults.spec.js" time="10.188">
</testcase>
<testcase name="@edge Network Faults &amp; Error Resilience › should display a network error banner when backend is unreachable or offline" classname="edge\edge-network-faults.spec.js" time="32.522">
<system-out>
<![CDATA[
[[ATTACHMENT|edge-edge-network-faults---b13e4-d-is-unreachable-or-offline-firefox\video.webm]]

[[ATTACHMENT|edge-edge-network-faults---b13e4-d-is-unreachable-or-offline-firefox\error-context.md]]
]]>
</system-out>
<error message="page.goto: Timeout 15000ms exceeded." type="TimeoutError">
<![CDATA[  [firefox] › edge\edge-network-faults.spec.js:27:3 › @edge Network Faults & Error Resilience › should display a network error banner when backend is unreachable or offline 

    TimeoutError: page.goto: Timeout 15000ms exceeded.
    Call log:
      - navigating to "http://localhost:3000/", waiting until "domcontentloaded"


       at ..\pages\BasePage.js:29

      27 |
      28 |   async goto(path = '/') {
    > 29 |     await this.page.goto(path, { waitUntil: 'domcontentloaded' });
         |                     ^
      30 |     await this.page.waitForTimeout(300);
      31 |   }
      32 |
        at RegisterPage.goto (C:\Users\khali\Desktop\yarivo-appointments\playwright-edge-tests\pages\BasePage.js:29:21)
        at C:\Users\khali\Desktop\yarivo-appointments\playwright-edge-tests\tests\edge\edge-network-faults.spec.js:35:24

    attachment #1: video (video/webm) ──────────────────────────────────────────────────────────────
    ..\test-results\edge-edge-network-faults---b13e4-d-is-unreachable-or-offline-firefox\video.webm
    ────────────────────────────────────────────────────────────────────────────────────────────────

    Error Context: ..\test-results\edge-edge-network-faults---b13e4-d-is-unreachable-or-offline-firefox\error-context.md
]]>
</error>
</testcase>
<testcase name="@edge Network Faults &amp; Error Resilience › should keep submit button in disabled loading state during slow network requests to prevent duplicate submits" classname="edge\edge-network-faults.spec.js" time="20.874">
<system-out>
<![CDATA[
[[ATTACHMENT|edge-edge-network-faults---d3b0f-o-prevent-duplicate-submits-firefox\test-failed-1.png]]

[[ATTACHMENT|edge-edge-network-faults---d3b0f-o-prevent-duplicate-submits-firefox\video.webm]]

[[ATTACHMENT|edge-edge-network-faults---d3b0f-o-prevent-duplicate-submits-firefox\error-context.md]]
]]>
</system-out>
<error message="locator.fill: Timeout 10000ms exceeded." type="TimeoutError">
<![CDATA[  [firefox] › edge\edge-network-faults.spec.js:49:3 › @edge Network Faults & Error Resilience › should keep submit button in disabled loading state during slow network requests to prevent duplicate submits 

    TimeoutError: locator.fill: Timeout 10000ms exceeded.
    Call log:
      - waiting for locator('input[placeholder*="Jane Doe" i], input[placeholder*="name" i]').first()


       at ..\pages\PublicBookingPage.js:97

       95 |   async fillCustomerDetails({ name, email, phone, notes }) {
       96 |     if (name !== undefined) {
    >  97 |       await this.nameInput.fill(name);
          |                            ^
       98 |     }
       99 |     if (email !== undefined) {
      100 |       await this.emailInput.fill(email);
        at PublicBookingPage.fillCustomerDetails (C:\Users\khali\Desktop\yarivo-appointments\playwright-edge-tests\pages\PublicBookingPage.js:97:28)
        at C:\Users\khali\Desktop\yarivo-appointments\playwright-edge-tests\tests\edge\edge-network-faults.spec.js:61:29

    attachment #1: screenshot (image/png) ──────────────────────────────────────────────────────────
    ..\test-results\edge-edge-network-faults---d3b0f-o-prevent-duplicate-submits-firefox\test-failed-1.png
    ────────────────────────────────────────────────────────────────────────────────────────────────

    attachment #2: video (video/webm) ──────────────────────────────────────────────────────────────
    ..\test-results\edge-edge-network-faults---d3b0f-o-prevent-duplicate-submits-firefox\video.webm
    ────────────────────────────────────────────────────────────────────────────────────────────────

    Error Context: ..\test-results\edge-edge-network-faults---d3b0f-o-prevent-duplicate-submits-firefox\error-context.md
]]>
</error>
</testcase>
</testsuite>
<testsuite name="edge\edge-registration-auth.spec.js" timestamp="2026-08-23T09:48:27.993Z" hostname="firefox" tests="5" failures="0" skipped="0" time="84.114" errors="1">
<testcase name="@edge Registration &amp; Authentication Edge Cases › should reject registration when email is already registered (409 Conflict)" classname="edge\edge-registration-auth.spec.js" time="40.304">
<system-out>
<![CDATA[
[[ATTACHMENT|edge-edge-registration-aut-9b275-dy-registered-409-Conflict--firefox\test-failed-1.png]]

[[ATTACHMENT|edge-edge-registration-aut-9b275-dy-registered-409-Conflict--firefox\video.webm]]

[[ATTACHMENT|edge-edge-registration-aut-9b275-dy-registered-409-Conflict--firefox\error-context.md]]
]]>
</system-out>
<error message="Test timeout of 30000ms exceeded." type="Error">
<![CDATA[  [firefox] › edge\edge-registration-auth.spec.js:11:3 › @edge Registration & Authentication Edge Cases › should reject registration when email is already registered (409 Conflict) 

    Test timeout of 30000ms exceeded.

    TimeoutError: locator.click: Timeout 10000ms exceeded.
    Call log:
      - waiting for locator('header').getByRole('button', { name: /Register Business/i })
        - locator resolved to <button class="inline-flex items-center justify-center rounded-xl bg-zinc-900 dark:bg-zinc-100 text-white dark:text-zinc-900 px-5 py-2.5 text-sm font-medium hover:bg-zinc-800 dark:hover:bg-zinc-200 transition shadow-sm disabled:opacity-50 disabled:cursor-not-allowed">Register Business</button>
      - attempting click action
        - waiting for element to be visible, enabled and stable
        - element is visible, enabled and stable
        - scrolling into view if needed
        - done scrolling
        - performing click action


       at ..\pages\BasePage.js:39

      37 |
      38 |   async clickRegisterNav() {
    > 39 |     await this.navRegisterBtn.click();
         |                               ^
      40 |     await this.page.locator('input[placeholder*="My Salon & Spa" i], input[placeholder*="Salon" i]').first().waitFor({ state: 'visible', timeout: 10000 });
      41 |   }
      42 |
        at RegisterPage.clickRegisterNav (C:\Users\khali\Desktop\yarivo-appointments\playwright-edge-tests\pages\BasePage.js:39:31)
        at C:\Users\khali\Desktop\yarivo-appointments\playwright-edge-tests\tests\edge\edge-registration-auth.spec.js:19:24

    attachment #1: screenshot (image/png) ──────────────────────────────────────────────────────────
    ..\test-results\edge-edge-registration-aut-9b275-dy-registered-409-Conflict--firefox\test-failed-1.png
    ────────────────────────────────────────────────────────────────────────────────────────────────

    attachment #2: video (video/webm) ──────────────────────────────────────────────────────────────
    ..\test-results\edge-edge-registration-aut-9b275-dy-registered-409-Conflict--firefox\video.webm
    ────────────────────────────────────────────────────────────────────────────────────────────────

    Error Context: ..\test-results\edge-edge-registration-aut-9b275-dy-registered-409-Conflict--firefox\error-context.md
]]>
</error>
</testcase>
<testcase name="@edge Registration &amp; Authentication Edge Cases › should enforce minimum 8 characters for password" classname="edge\edge-registration-auth.spec.js" time="9.39">
</testcase>
<testcase name="@edge Registration &amp; Authentication Edge Cases › should reject invalid currency codes" classname="edge\edge-registration-auth.spec.js" time="19.724">
</testcase>
<testcase name="@edge Registration &amp; Authentication Edge Cases › should sanitize XSS payloads safely without script execution" classname="edge\edge-registration-auth.spec.js" time="6.398">
</testcase>
<testcase name="@edge Registration &amp; Authentication Edge Cases › should reject invalid login credentials with an error banner" classname="edge\edge-registration-auth.spec.js" time="8.298">
</testcase>
</testsuite>
<testsuite name="regression\regression-appointments.spec.js" timestamp="2026-08-23T09:48:27.993Z" hostname="firefox" tests="1" failures="0" skipped="0" time="59.124" errors="1">
<testcase name="@regression Appointment Lifecycle &amp; Status Transitions › should allow the owner to transition appointment status to Completed" classname="regression\regression-appointments.spec.js" time="59.124">
<system-out>
<![CDATA[
[[ATTACHMENT|regression-regression-appo-750cf-intment-status-to-Completed-firefox\error-context.md]]
]]>
</system-out>
<error message="page.goto: Timeout 15000ms exceeded." type="TimeoutError">
<![CDATA[  [firefox] › regression\regression-appointments.spec.js:11:3 › @regression Appointment Lifecycle & Status Transitions › should allow the owner to transition appointment status to Completed 

    TimeoutError: page.goto: Timeout 15000ms exceeded.
    Call log:
      - navigating to "http://localhost:3000/", waiting until "load"


       at ..\fixtures\base-fixture.js:51

      49 |
      50 |     const token = regRes.data.access_token;
    > 51 |     await page.goto('/');
         |                ^
      52 |     await page.evaluate((t) => localStorage.setItem('token', t), token);
      53 |     await page.reload();
      54 |
        at Object.authenticatedOwner (C:\Users\khali\Desktop\yarivo-appointments\playwright-edge-tests\fixtures\base-fixture.js:51:16)

    Tearing down "context" exceeded the test timeout of 30000ms.

    Error: browserContext.close: Test ended.
    Browser logs:

    <launching> C:\Users\khali\AppData\Local\ms-playwright\firefox-1538\firefox\firefox.exe -no-remote -wait-for-browser -foreground -profile C:\Users\khali\AppData\Local\Temp\playwright_firefoxdev_profile-k8UAwH -juggler-pipe -silent
    <launched> pid=5156
    [pid=5156][err] JavaScript warning: resource://services-settings/Utils.sys.mjs, line 119: unreachable code after return statement
    [pid=5156][out] 
    [pid=5156][out] Juggler listening to the pipe
    [pid=5156][out] console.error: "Warning: unrecognized command line flag" "-foreground"
    [pid=5156][err] JavaScript error: chrome://juggler/content/Helper.js, line 82: NS_ERROR_FAILURE: Component returned failure code: 0x80004005 (NS_ERROR_FAILURE) [nsIWebProgress.removeProgressListener]
    [pid=5156][out] console.error: "Error fetching remote settings base url from CDN. Falling back to https://firefox-settings-attachments.cdn.mozilla.net/" (new SyntaxError("XMLHttpRequest.open: '/' is not a valid URL.", (void 0), 126))
    [pid=5156][out] console.error: services.settings: 
    [pid=5156][out]   Message: EmptyDatabaseError: "main/nimbus-desktop-experiments" has not been synced yet
    [pid=5156][out]   Stack:
    [pid=5156][out]     EmptyDatabaseError@resource://services-settings/Database.sys.mjs:19:5
    [pid=5156][out] list@resource://services-settings/Database.sys.mjs:96:13
    [pid=5156][out] 
    [pid=5156] <gracefully close start>
    [pid=5156] <kill>
    [pid=5156] <will force kill>
    [pid=5156] taskkill stdout: SUCCESS: The process with PID 16528 (child process of PID 9052) has been terminated.
    SUCCESS: The process with PID 10532 (child process of PID 9052) has been terminated.
    SUCCESS: The process with PID 22720 (child process of PID 9052) has been terminated.
    SUCCESS: The process with PID 23160 (child process of PID 9052) has been terminated.
    SUCCESS: The process with PID 13648 (child process of PID 9052) has been terminated.
    SUCCESS: The process with PID 12612 (child process of PID 9052) has been terminated.
    SUCCESS: The process with PID 9052 (child process of PID 5156) has been terminated.
    SUCCESS: The process with PID 5156 (child process of PID 13628) has been terminated.


    Error Context: ..\test-results\regression-regression-appo-750cf-intment-status-to-Completed-firefox\error-context.md
]]>
</error>
</testcase>
</testsuite>
<testsuite name="regression\regression-business-hours.spec.js" timestamp="2026-08-23T09:48:27.993Z" hostname="firefox" tests="1" failures="0" skipped="0" time="31.141" errors="1">
<testcase name="@regression Business Operating Hours › should configure and persist business opening and closing hours" classname="regression\regression-business-hours.spec.js" time="31.141">
<system-out>
<![CDATA[
[[ATTACHMENT|regression-regression-busi-96cc8-s-opening-and-closing-hours-firefox\error-context.md]]
]]>
</system-out>
<error message="Test timeout of 30000ms exceeded while setting up &quot;page&quot;." type="Error">
<![CDATA[  [firefox] › regression\regression-business-hours.spec.js:9:3 › @regression Business Operating Hours › should configure and persist business opening and closing hours 

    Test timeout of 30000ms exceeded while setting up "page".

    Error Context: ..\test-results\regression-regression-busi-96cc8-s-opening-and-closing-hours-firefox\error-context.md
]]>
</error>
</testcase>
</testsuite>
<testsuite name="regression\regression-services.spec.js" timestamp="2026-08-23T09:48:27.993Z" hostname="firefox" tests="1" failures="0" skipped="0" time="30.847" errors="1">
<testcase name="@regression Services Management › should create, edit, and view new services in the dashboard" classname="regression\regression-services.spec.js" time="30.847">
<system-out>
<![CDATA[
[[ATTACHMENT|regression-regression-serv-3c8fa-w-services-in-the-dashboard-firefox\error-context.md]]
]]>
</system-out>
<error message="Test timeout of 30000ms exceeded while setting up &quot;page&quot;." type="Error">
<![CDATA[  [firefox] › regression\regression-services.spec.js:10:3 › @regression Services Management › should create, edit, and view new services in the dashboard 

    Test timeout of 30000ms exceeded while setting up "page".

    Error Context: ..\test-results\regression-regression-serv-3c8fa-w-services-in-the-dashboard-firefox\error-context.md
]]>
</error>
</testcase>
</testsuite>
<testsuite name="regression\regression-staff.spec.js" timestamp="2026-08-23T09:48:27.993Z" hostname="firefox" tests="1" failures="0" skipped="0" time="34.893" errors="1">
<testcase name="@regression Staff Management › should create and update staff members successfully" classname="regression\regression-staff.spec.js" time="34.893">
<system-out>
<![CDATA[
[[ATTACHMENT|regression-regression-staf-380da--staff-members-successfully-firefox\video.webm]]

[[ATTACHMENT|regression-regression-staf-380da--staff-members-successfully-firefox\error-context.md]]
]]>
</system-out>
<error message="locator.click: Timeout 10000ms exceeded." type="TimeoutError">
<![CDATA[  [firefox] › regression\regression-staff.spec.js:10:3 › @regression Staff Management › should create and update staff members successfully › Switch to Staff tab 

    TimeoutError: locator.click: Timeout 10000ms exceeded.
    Call log:
      - waiting for getByRole('button', { name: /staff/i })


       at ..\pages\DashboardPage.js:66

      64 |
      65 |   async switchToStaffTab() {
    > 66 |     await this.staffTabBtn.click();
         |                            ^
      67 |   }
      68 |
      69 |   async switchToHoursTab() {
        at DashboardPage.switchToStaffTab (C:\Users\khali\Desktop\yarivo-appointments\playwright-edge-tests\pages\DashboardPage.js:66:28)
        at C:\Users\khali\Desktop\yarivo-appointments\playwright-edge-tests\tests\regression\regression-staff.spec.js:16:27
        at C:\Users\khali\Desktop\yarivo-appointments\playwright-edge-tests\tests\regression\regression-staff.spec.js:15:5

    attachment #1: video (video/webm) ──────────────────────────────────────────────────────────────
    ..\test-results\regression-regression-staf-380da--staff-members-successfully-firefox\video.webm
    ────────────────────────────────────────────────────────────────────────────────────────────────

    Error Context: ..\test-results\regression-regression-staf-380da--staff-members-successfully-firefox\error-context.md
]]>
</error>
</testcase>
</testsuite>
<testsuite name="smoke\smoke-auth-registration.spec.js" timestamp="2026-08-23T09:48:27.993Z" hostname="firefox" tests="1" failures="0" skipped="0" time="53.778" errors="1">
<testcase name="@smoke Business Owner Registration › should register a new business and automatically open the owner dashboard" classname="smoke\smoke-auth-registration.spec.js" time="53.778">
<system-out>
<![CDATA[
[[ATTACHMENT|smoke-smoke-auth-registrat-5d265-ly-open-the-owner-dashboard-firefox\error-context.md]]
]]>
</system-out>
<error message="page.goto: Timeout 15000ms exceeded." type="TimeoutError">
<![CDATA[  [firefox] › smoke\smoke-auth-registration.spec.js:10:3 › @smoke Business Owner Registration › should register a new business and automatically open the owner dashboard 

    TimeoutError: page.goto: Timeout 15000ms exceeded.
    Call log:
      - navigating to "http://localhost:3000/", waiting until "domcontentloaded"


       at ..\pages\BasePage.js:29

      27 |
      28 |   async goto(path = '/') {
    > 29 |     await this.page.goto(path, { waitUntil: 'domcontentloaded' });
         |                     ^
      30 |     await this.page.waitForTimeout(300);
      31 |   }
      32 |
[...]
</testcase>
<testcase name="@edge Network Faults &amp; Error Resilience › should display a network error banner when backend is unreachable or offline" classname="edge\edge-network-faults.spec.js" time="5.146">
</testcase>
<testcase name="@edge Network Faults &amp; Error Resilience › should keep submit button in disabled loading state during slow network requests to prevent duplicate submits" classname="edge\edge-network-faults.spec.js" time="16.209">
<system-out>
<![CDATA[
[[ATTACHMENT|edge-edge-network-faults---d3b0f-o-prevent-duplicate-submits-Mobile-Safari\test-failed-1.png]]

[[ATTACHMENT|edge-edge-network-faults---d3b0f-o-prevent-duplicate-submits-Mobile-Safari\video.webm]]

[[ATTACHMENT|edge-edge-network-faults---d3b0f-o-prevent-duplicate-submits-Mobile-Safari\error-context.md]]
]]>
</system-out>
<error message="locator.fill: Timeout 10000ms exceeded." type="TimeoutError">
<![CDATA[  [Mobile Safari] › edge\edge-network-faults.spec.js:49:3 › @edge Network Faults & Error Resilience › should keep submit button in disabled loading state during slow network requests to prevent duplicate submits 

    TimeoutError: locator.fill: Timeout 10000ms exceeded.
    Call log:
      - waiting for locator('input[placeholder*="Jane Doe" i], input[placeholder*="name" i]').first()


       at ..\pages\PublicBookingPage.js:97

       95 |   async fillCustomerDetails({ name, email, phone, notes }) {
       96 |     if (name !== undefined) {
    >  97 |       await this.nameInput.fill(name);
          |                            ^
       98 |     }
       99 |     if (email !== undefined) {
      100 |       await this.emailInput.fill(email);
        at PublicBookingPage.fillCustomerDetails (C:\Users\khali\Desktop\yarivo-appointments\playwright-edge-tests\pages\PublicBookingPage.js:97:28)
        at C:\Users\khali\Desktop\yarivo-appointments\playwright-edge-tests\tests\edge\edge-network-faults.spec.js:61:29

    attachment #1: screenshot (image/png) ──────────────────────────────────────────────────────────
    ..\test-results\edge-edge-network-faults---d3b0f-o-prevent-duplicate-submits-Mobile-Safari\test-failed-1.png
    ────────────────────────────────────────────────────────────────────────────────────────────────

    attachment #2: video (video/webm) ──────────────────────────────────────────────────────────────
    ..\test-results\edge-edge-network-faults---d3b0f-o-prevent-duplicate-submits-Mobile-Safari\video.webm
    ────────────────────────────────────────────────────────────────────────────────────────────────

    Error Context: ..\test-results\edge-edge-network-faults---d3b0f-o-prevent-duplicate-submits-Mobile-Safari\error-context.md
]]>
</error>
</testcase>
</testsuite>
<testsuite name="edge\edge-registration-auth.spec.js" timestamp="2026-08-23T09:48:27.993Z" hostname="Mobile Safari" tests="5" failures="0" skipped="0" time="27.29" errors="0">
<testcase name="@edge Registration &amp; Authentication Edge Cases › should reject registration when email is already registered (409 Conflict)" classname="edge\edge-registration-auth.spec.js" time="6.572">
</testcase>
<testcase name="@edge Registration &amp; Authentication Edge Cases › should enforce minimum 8 characters for password" classname="edge\edge-registration-auth.spec.js" time="5.448">
</testcase>
<testcase name="@edge Registration &amp; Authentication Edge Cases › should reject invalid currency codes" classname="edge\edge-registration-auth.spec.js" time="5.1">
</testcase>
<testcase name="@edge Registration &amp; Authentication Edge Cases › should sanitize XSS payloads safely without script execution" classname="edge\edge-registration-auth.spec.js" time="4.816">
</testcase>
<testcase name="@edge Registration &amp; Authentication Edge Cases › should reject invalid login credentials with an error banner" classname="edge\edge-registration-auth.spec.js" time="5.354">
</testcase>
</testsuite>
<testsuite name="regression\regression-appointments.spec.js" timestamp="2026-08-23T09:48:27.993Z" hostname="Mobile Safari" tests="1" failures="0" skipped="0" time="8.759" errors="1">
<testcase name="@regression Appointment Lifecycle &amp; Status Transitions › should allow the owner to transition appointment status to Completed" classname="regression\regression-appointments.spec.js" time="8.759">
<system-out>
<![CDATA[
[[ATTACHMENT|regression-regression-appo-750cf-intment-status-to-Completed-Mobile-Safari\test-failed-1.png]]

[[ATTACHMENT|regression-regression-appo-750cf-intment-status-to-Completed-Mobile-Safari\video.webm]]

[[ATTACHMENT|regression-regression-appo-750cf-intment-status-to-Completed-Mobile-Safari\error-context.md]]
]]>
</system-out>
<error message="Cannot read properties of undefined (reading &apos;staff_id&apos;)" type="TypeError">
<![CDATA[  [Mobile Safari] › regression\regression-appointments.spec.js:11:3 › @regression Appointment Lifecycle & Status Transitions › should allow the owner to transition appointment status to Completed › Create an appointment via API for testing 

    TypeError: Cannot read properties of undefined (reading 'staff_id')

      31 |         ...customer,
      32 |         serviceId: defaultService.id,
    > 33 |         staffId: slot.staff_id,
         |                       ^
      34 |         startTime: slot.start_time,
      35 |       });
      36 |     });
        at C:\Users\khali\Desktop\yarivo-appointments\playwright-edge-tests\tests\regression\regression-appointments.spec.js:33:23
        at C:\Users\khali\Desktop\yarivo-appointments\playwright-edge-tests\tests\regression\regression-appointments.spec.js:17:5

    attachment #1: screenshot (image/png) ──────────────────────────────────────────────────────────
    ..\test-results\regression-regression-appo-750cf-intment-status-to-Completed-Mobile-Safari\test-failed-1.png
    ────────────────────────────────────────────────────────────────────────────────────────────────

    attachment #2: video (video/webm) ──────────────────────────────────────────────────────────────
    ..\test-results\regression-regression-appo-750cf-intment-status-to-Completed-Mobile-Safari\video.webm
    ────────────────────────────────────────────────────────────────────────────────────────────────

    Error Context: ..\test-results\regression-regression-appo-750cf-intment-status-to-Completed-Mobile-Safari\error-context.md
]]>
</error>
</testcase>
</testsuite>
<testsuite name="regression\regression-business-hours.spec.js" timestamp="2026-08-23T09:48:27.993Z" hostname="Mobile Safari" tests="1" failures="0" skipped="0" time="15.378" errors="1">
<testcase name="@regression Business Operating Hours › should configure and persist business opening and closing hours" classname="regression\regression-business-hours.spec.js" time="15.378">
<system-out>
<![CDATA[
[[ATTACHMENT|regression-regression-busi-96cc8-s-opening-and-closing-hours-Mobile-Safari\test-failed-1.png]]

[[ATTACHMENT|regression-regression-busi-96cc8-s-opening-and-closing-hours-Mobile-Safari\video.webm]]

[[ATTACHMENT|regression-regression-busi-96cc8-s-opening-and-closing-hours-Mobile-Safari\error-context.md]]
]]>
</system-out>
<error message="locator.click: Timeout 10000ms exceeded." type="TimeoutError">
<![CDATA[  [Mobile Safari] › regression\regression-business-hours.spec.js:9:3 › @regression Business Operating Hours › should configure and persist business opening and closing hours › Switch to Operating Hours tab 

    TimeoutError: locator.click: Timeout 10000ms exceeded.
    Call log:
      - waiting for getByRole('button', { name: /hours/i })


       at ..\pages\DashboardPage.js:70

      68 |
      69 |   async switchToHoursTab() {
    > 70 |     await this.hoursTabBtn.click();
         |                            ^
      71 |   }
      72 |
      73 |   // --- Appointments Tab Methods ---
        at DashboardPage.switchToHoursTab (C:\Users\khali\Desktop\yarivo-appointments\playwright-edge-tests\pages\DashboardPage.js:70:28)
        at C:\Users\khali\Desktop\yarivo-appointments\playwright-edge-tests\tests\regression\regression-business-hours.spec.js:16:27
        at C:\Users\khali\Desktop\yarivo-appointments\playwright-edge-tests\tests\regression\regression-business-hours.spec.js:15:5

    attachment #1: screenshot (image/png) ──────────────────────────────────────────────────────────
    ..\test-results\regression-regression-busi-96cc8-s-opening-and-closing-hours-Mobile-Safari\test-failed-1.png
    ────────────────────────────────────────────────────────────────────────────────────────────────

    attachment #2: video (video/webm) ──────────────────────────────────────────────────────────────
    ..\test-results\regression-regression-busi-96cc8-s-opening-and-closing-hours-Mobile-Safari\video.webm
    ────────────────────────────────────────────────────────────────────────────────────────────────

    Error Context: ..\test-results\regression-regression-busi-96cc8-s-opening-and-closing-hours-Mobile-Safari\error-context.md
]]>
</error>
</testcase>
</testsuite>
<testsuite name="regression\regression-services.spec.js" timestamp="2026-08-23T09:48:27.993Z" hostname="Mobile Safari" tests="1" failures="0" skipped="0" time="19.175" errors="1">
<testcase name="@regression Services Management › should create, edit, and view new services in the dashboard" classname="regression\regression-services.spec.js" time="19.175">
<system-out>
<![CDATA[
[[ATTACHMENT|regression-regression-serv-3c8fa-w-services-in-the-dashboard-Mobile-Safari\test-failed-1.png]]

[[ATTACHMENT|regression-regression-serv-3c8fa-w-services-in-the-dashboard-Mobile-Safari\video.webm]]

[[ATTACHMENT|regression-regression-serv-3c8fa-w-services-in-the-dashboard-Mobile-Safari\error-context.md]]
]]>
</system-out>
<error message="locator.click: Timeout 10000ms exceeded." type="TimeoutError">
<![CDATA[  [Mobile Safari] › regression\regression-services.spec.js:10:3 › @regression Services Management › should create, edit, and view new services in the dashboard › Switch to Services tab 

    TimeoutError: locator.click: Timeout 10000ms exceeded.
    Call log:
      - waiting for getByRole('button', { name: /services/i })


       at ..\pages\DashboardPage.js:62

      60 |
      61 |   async switchToServicesTab() {
    > 62 |     await this.servicesTabBtn.click();
         |                               ^
      63 |   }
      64 |
      65 |   async switchToStaffTab() {
        at DashboardPage.switchToServicesTab (C:\Users\khali\Desktop\yarivo-appointments\playwright-edge-tests\pages\DashboardPage.js:62:31)
        at C:\Users\khali\Desktop\yarivo-appointments\playwright-edge-tests\tests\regression\regression-services.spec.js:16:27
        at C:\Users\khali\Desktop\yarivo-appointments\playwright-edge-tests\tests\regression\regression-services.spec.js:15:5

    attachment #1: screenshot (image/png) ──────────────────────────────────────────────────────────
    ..\test-results\regression-regression-serv-3c8fa-w-services-in-the-dashboard-Mobile-Safari\test-failed-1.png
    ────────────────────────────────────────────────────────────────────────────────────────────────

    attachment #2: video (video/webm) ──────────────────────────────────────────────────────────────
    ..\test-results\regression-regression-serv-3c8fa-w-services-in-the-dashboard-Mobile-Safari\video.webm
    ────────────────────────────────────────────────────────────────────────────────────────────────

    Error Context: ..\test-results\regression-regression-serv-3c8fa-w-services-in-the-dashboard-Mobile-Safari\error-context.md
]]>
</error>
</testcase>
</testsuite>
<testsuite name="regression\regression-staff.spec.js" timestamp="2026-08-23T09:48:27.993Z" hostname="Mobile Safari" tests="1" failures="0" skipped="0" time="14.924" errors="1">
<testcase name="@regression Staff Management › should create and update staff members successfully" classname="regression\regression-staff.spec.js" time="14.924">
<system-out>
<![CDATA[
[[ATTACHMENT|regression-regression-staf-380da--staff-members-successfully-Mobile-Safari\test-failed-1.png]]

[[ATTACHMENT|regression-regression-staf-380da--staff-members-successfully-Mobile-Safari\video.webm]]

[[ATTACHMENT|regression-regression-staf-380da--staff-members-successfully-Mobile-Safari\error-context.md]]
]]>
</system-out>
<error message="locator.click: Timeout 10000ms exceeded." type="TimeoutError">
<![CDATA[  [Mobile Safari] › regression\regression-staff.spec.js:10:3 › @regression Staff Management › should create and update staff members successfully › Switch to Staff tab 

    TimeoutError: locator.click: Timeout 10000ms exceeded.
    Call log:
      - waiting for getByRole('button', { name: /staff/i })


       at ..\pages\DashboardPage.js:66

      64 |
      65 |   async switchToStaffTab() {
    > 66 |     await this.staffTabBtn.click();
         |                            ^
      67 |   }
      68 |
      69 |   async switchToHoursTab() {
        at DashboardPage.switchToStaffTab (C:\Users\khali\Desktop\yarivo-appointments\playwright-edge-tests\pages\DashboardPage.js:66:28)
        at C:\Users\khali\Desktop\yarivo-appointments\playwright-edge-tests\tests\regression\regression-staff.spec.js:16:27
        at C:\Users\khali\Desktop\yarivo-appointments\playwright-edge-tests\tests\regression\regression-staff.spec.js:15:5

    attachment #1: screenshot (image/png) ──────────────────────────────────────────────────────────
    ..\test-results\regression-regression-staf-380da--staff-members-successfully-Mobile-Safari\test-failed-1.png
    ────────────────────────────────────────────────────────────────────────────────────────────────

    attachment #2: video (video/webm) ──────────────────────────────────────────────────────────────
    ..\test-results\regression-regression-staf-380da--staff-members-successfully-Mobile-Safari\video.webm
    ────────────────────────────────────────────────────────────────────────────────────────────────

    Error Context: ..\test-results\regression-regression-staf-380da--staff-members-successfully-Mobile-Safari\error-context.md
]]>
</error>
</testcase>
</testsuite>
<testsuite name="smoke\smoke-auth-registration.spec.js" timestamp="2026-08-23T09:48:27.993Z" hostname="Mobile Safari" tests="1" failures="0" skipped="0" time="7.412" errors="0">
<testcase name="@smoke Business Owner Registration › should register a new business and automatically open the owner dashboard" classname="smoke\smoke-auth-registration.spec.js" time="7.412">
</testcase>
</testsuite>
<testsuite name="smoke\smoke-owner-login.spec.js" timestamp="2026-08-23T09:48:27.993Z" hostname="Mobile Safari" tests="1" failures="1" skipped="0" time="12.536" errors="0">
<testcase name="@smoke Business Owner Login &amp; Logout › should log in successfully with valid owner credentials and logout properly" classname="smoke\smoke-owner-login.spec.js" time="12.536">
<system-out>
<![CDATA[
[[ATTACHMENT|smoke-smoke-owner-login--s-e1eb6-entials-and-logout-properly-Mobile-Safari\test-failed-1.png]]

[[ATTACHMENT|smoke-smoke-owner-login--s-e1eb6-entials-and-logout-properly-Mobile-Safari\video.webm]]

[[ATTACHMENT|smoke-smoke-owner-login--s-e1eb6-entials-and-logout-properly-Mobile-Safari\error-context.md]]
]]>
</system-out>
<failure message="expect(locator).toBeVisible() failed" type="expect.toBeVisible">
<![CDATA[  [Mobile Safari] › smoke\smoke-owner-login.spec.js:18:3 › @smoke Business Owner Login & Logout › should log in successfully with valid owner credentials and logout properly › Perform logout and verify session cleanup 

    Error: expect(locator).toBeVisible() failed

    Locator: getByRole('button', { name: /📅 Book Appointment/i })
    Expected: visible
    Timeout: 5000ms
    Error: element(s) not found

    Call log:
      - Expect "toBeVisible" with timeout 5000ms
      - waiting for getByRole('button', { name: /📅 Book Appointment/i })


      39 |       const token = await dashboardPage.getLocalStorageToken();
      40 |       expect(token).toBeNull();
    > 41 |       await expect(page.getByRole('button', { name: /📅 Book Appointment/i })).toBeVisible();
         |                                                                                ^
      42 |     });
      43 |   });
      44 | });
        at C:\Users\khali\Desktop\yarivo-appointments\playwright-edge-tests\tests\smoke\smoke-owner-login.spec.js:41:80
        at C:\Users\khali\Desktop\yarivo-appointments\playwright-edge-tests\tests\smoke\smoke-owner-login.spec.js:37:5

    attachment #1: screenshot (image/png) ──────────────────────────────────────────────────────────
    ..\test-results\smoke-smoke-owner-login--s-e1eb6-entials-and-logout-properly-Mobile-Safari\test-failed-1.png
    ────────────────────────────────────────────────────────────────────────────────────────────────

    attachment #2: video (video/webm) ──────────────────────────────────────────────────────────────
    ..\test-results\smoke-smoke-owner-login--s-e1eb6-entials-and-logout-properly-Mobile-Safari\video.webm
    ────────────────────────────────────────────────────────────────────────────────────────────────

    Error Context: ..\test-results\smoke-smoke-owner-login--s-e1eb6-entials-and-logout-properly-Mobile-Safari\error-context.md
]]>
</failure>
</testcase>
</testsuite>
<testsuite name="smoke\smoke-public-booking.spec.js" timestamp="2026-08-23T09:48:27.993Z" hostname="Mobile Safari" tests="1" failures="0" skipped="0" time="15.617" errors="1">
<testcase name="@smoke Public Customer Booking › should successfully complete an end-to-end appointment booking" classname="smoke\smoke-public-booking.spec.js" time="15.617">
<system-out>
<![CDATA[
[[ATTACHMENT|smoke-smoke-public-booking-c4e4d--to-end-appointment-booking-Mobile-Safari\test-failed-1.png]]

[[ATTACHMENT|smoke-smoke-public-booking-c4e4d--to-end-appointment-booking-Mobile-Safari\video.webm]]

[[ATTACHMENT|smoke-smoke-public-booking-c4e4d--to-end-appointment-booking-Mobile-Safari\error-context.md]]
]]>
</system-out>
<error message="locator.fill: Timeout 10000ms exceeded." type="TimeoutError">
<![CDATA[  [Mobile Safari] › smoke\smoke-public-booking.spec.js:20:3 › @smoke Public Customer Booking › should successfully complete an end-to-end appointment booking › Fill customer details and submit booking 

    TimeoutError: locator.fill: Timeout 10000ms exceeded.
    Call log:
      - waiting for locator('input[placeholder*="Jane Doe" i], input[placeholder*="name" i]').first()


       at ..\pages\PublicBookingPage.js:97

       95 |   async fillCustomerDetails({ name, email, phone, notes }) {
       96 |     if (name !== undefined) {
    >  97 |       await this.nameInput.fill(name);
          |                            ^
       98 |     }
       99 |     if (email !== undefined) {
      100 |       await this.emailInput.fill(email);
        at PublicBookingPage.fillCustomerDetails (C:\Users\khali\Desktop\yarivo-appointments\playwright-edge-tests\pages\PublicBookingPage.js:97:28)
        at C:\Users\khali\Desktop\yarivo-appointments\playwright-edge-tests\tests\smoke\smoke-public-booking.spec.js:40:31
        at C:\Users\khali\Desktop\yarivo-appointments\playwright-edge-tests\tests\smoke\smoke-public-booking.spec.js:38:5

    attachment #1: screenshot (image/png) ──────────────────────────────────────────────────────────
    ..\test-results\smoke-smoke-public-booking-c4e4d--to-end-appointment-booking-Mobile-Safari\test-failed-1.png
    ────────────────────────────────────────────────────────────────────────────────────────────────

    attachment #2: video (video/webm) ──────────────────────────────────────────────────────────────
    ..\test-results\smoke-smoke-public-booking-c4e4d--to-end-appointment-booking-Mobile-Safari\video.webm
    ────────────────────────────────────────────────────────────────────────────────────────────────

    Error Context: ..\test-results\smoke-smoke-public-booking-c4e4d--to-end-appointment-booking-Mobile-Safari\error-context.md
]]>
</error>
</testcase>
</testsuite>
</testsuites>